2023-03-18 14:24:22 [INFO ] [StartupInfoLogger.java]logStarting(51) : Starting FileControllerTest using Java 17.0.5 with PID 13880 (started by totohyojuntak in /Volumes/DATA/git/boot3)
2023-03-18 14:24:22 [DEBUG] [StartupInfoLogger.java]logStarting(52) : Running with Spring Boot v3.0.2, Spring v6.0.4
2023-03-18 14:24:22 [INFO ] [SpringApplication.java]logStartupProfileInfo(636) : The following 1 profile is active: "local"
2023-03-18 14:24:25 [INFO ] [StartupInfoLogger.java]logStarted(57) : Started FileControllerTest in 3.609 seconds (process running for 4.208)
2023-03-18 14:24:27 [INFO ] [StartupInfoLogger.java]logStarting(51) : Starting Boot3Application using Java 17.0.5 with PID 13898 (/Volumes/DATA/git/boot3/build/classes/java/main started by totohyojuntak in /Volumes/DATA/git/boot3)
2023-03-18 14:24:27 [DEBUG] [StartupInfoLogger.java]logStarting(52) : Running with Spring Boot v3.0.2, Spring v6.0.4
2023-03-18 14:24:27 [INFO ] [SpringApplication.java]logStartupProfileInfo(636) : The following 1 profile is active: "local"
2023-03-18 14:24:30 [INFO ] [StartupInfoLogger.java]logStarted(57) : Started Boot3Application in 3.097 seconds (process running for 3.299)
2023-03-18 14:29:49 [INFO ] [StartupInfoLogger.java]logStarting(51) : Starting FileControllerTest using Java 17.0.5 with PID 14970 (started by totohyojuntak in /Volumes/DATA/git/boot3)
2023-03-18 14:29:49 [DEBUG] [StartupInfoLogger.java]logStarting(52) : Running with Spring Boot v3.0.2, Spring v6.0.4
2023-03-18 14:29:49 [INFO ] [SpringApplication.java]logStartupProfileInfo(636) : The following 1 profile is active: "local"
2023-03-18 14:29:52 [INFO ] [StartupInfoLogger.java]logStarted(57) : Started FileControllerTest in 3.362 seconds (process running for 3.906)
2023-03-18 14:29:54 [INFO ] [StartupInfoLogger.java]logStarting(51) : Starting Boot3Application using Java 17.0.5 with PID 14998 (/Volumes/DATA/git/boot3/build/classes/java/main started by totohyojuntak in /Volumes/DATA/git/boot3)
2023-03-18 14:29:54 [DEBUG] [StartupInfoLogger.java]logStarting(52) : Running with Spring Boot v3.0.2, Spring v6.0.4
2023-03-18 14:29:54 [INFO ] [SpringApplication.java]logStartupProfileInfo(636) : The following 1 profile is active: "local"
2023-03-18 14:29:57 [INFO ] [StartupInfoLogger.java]logStarted(57) : Started Boot3Application in 2.99 seconds (process running for 3.186)
2023-03-18 14:31:15 [INFO ] [StartupInfoLogger.java]logStarting(51) : Starting FileControllerTest using Java 17.0.5 with PID 15367 (started by totohyojuntak in /Volumes/DATA/git/boot3)
2023-03-18 14:31:15 [DEBUG] [StartupInfoLogger.java]logStarting(52) : Running with Spring Boot v3.0.2, Spring v6.0.4
2023-03-18 14:31:15 [INFO ] [SpringApplication.java]logStartupProfileInfo(636) : The following 1 profile is active: "local"
2023-03-18 14:31:18 [INFO ] [StartupInfoLogger.java]logStarted(57) : Started FileControllerTest in 3.035 seconds (process running for 3.546)
2023-03-18 14:31:20 [INFO ] [StartupInfoLogger.java]logStarting(51) : Starting Boot3Application using Java 17.0.5 with PID 15384 (/Volumes/DATA/git/boot3/build/classes/java/main started by totohyojuntak in /Volumes/DATA/git/boot3)
2023-03-18 14:31:20 [DEBUG] [StartupInfoLogger.java]logStarting(52) : Running with Spring Boot v3.0.2, Spring v6.0.4
2023-03-18 14:31:20 [INFO ] [SpringApplication.java]logStartupProfileInfo(636) : The following 1 profile is active: "local"
2023-03-18 14:31:23 [INFO ] [StartupInfoLogger.java]logStarted(57) : Started Boot3Application in 3.009 seconds (process running for 3.208)
2023-03-18 14:34:23 [INFO ] [StartupInfoLogger.java]logStarting(51) : Starting FileControllerTest using Java 17.0.5 with PID 16023 (started by totohyojuntak in /Volumes/DATA/git/boot3)
2023-03-18 14:34:23 [DEBUG] [StartupInfoLogger.java]logStarting(52) : Running with Spring Boot v3.0.2, Spring v6.0.4
2023-03-18 14:34:23 [INFO ] [SpringApplication.java]logStartupProfileInfo(636) : The following 1 profile is active: "local"
2023-03-18 14:34:26 [INFO ] [StartupInfoLogger.java]logStarted(57) : Started FileControllerTest in 3.143 seconds (process running for 3.653)
2023-03-18 14:34:28 [INFO ] [StartupInfoLogger.java]logStarting(51) : Starting Boot3Application using Java 17.0.5 with PID 16046 (/Volumes/DATA/git/boot3/build/classes/java/main started by totohyojuntak in /Volumes/DATA/git/boot3)
2023-03-18 14:34:28 [DEBUG] [StartupInfoLogger.java]logStarting(52) : Running with Spring Boot v3.0.2, Spring v6.0.4
2023-03-18 14:34:28 [INFO ] [SpringApplication.java]logStartupProfileInfo(636) : The following 1 profile is active: "local"
2023-03-18 14:34:31 [INFO ] [StartupInfoLogger.java]logStarted(57) : Started Boot3Application in 3.009 seconds (process running for 3.203)
2023-03-18 14:35:14 [INFO ] [StartupInfoLogger.java]logStarting(51) : Starting FileControllerTest using Java 17.0.5 with PID 16217 (started by totohyojuntak in /Volumes/DATA/git/boot3)
2023-03-18 14:35:14 [DEBUG] [StartupInfoLogger.java]logStarting(52) : Running with Spring Boot v3.0.2, Spring v6.0.4
2023-03-18 14:35:14 [INFO ] [SpringApplication.java]logStartupProfileInfo(636) : The following 1 profile is active: "local"
2023-03-18 14:35:17 [INFO ] [StartupInfoLogger.java]logStarted(57) : Started FileControllerTest in 3.187 seconds (process running for 3.707)
2023-03-18 14:35:19 [INFO ] [StartupInfoLogger.java]logStarting(51) : Starting Boot3Application using Java 17.0.5 with PID 16241 (/Volumes/DATA/git/boot3/build/classes/java/main started by totohyojuntak in /Volumes/DATA/git/boot3)
2023-03-18 14:35:19 [DEBUG] [StartupInfoLogger.java]logStarting(52) : Running with Spring Boot v3.0.2, Spring v6.0.4
2023-03-18 14:35:19 [INFO ] [SpringApplication.java]logStartupProfileInfo(636) : The following 1 profile is active: "local"
2023-03-18 14:35:21 [INFO ] [StartupInfoLogger.java]logStarted(57) : Started Boot3Application in 3.06 seconds (process running for 3.268)
2023-03-18 14:35:56 [INFO ] [StartupInfoLogger.java]logStarting(51) : Starting FileControllerTest using Java 17.0.5 with PID 16374 (started by totohyojuntak in /Volumes/DATA/git/boot3)
2023-03-18 14:35:56 [DEBUG] [StartupInfoLogger.java]logStarting(52) : Running with Spring Boot v3.0.2, Spring v6.0.4
2023-03-18 14:35:56 [INFO ] [SpringApplication.java]logStartupProfileInfo(636) : The following 1 profile is active: "local"
2023-03-18 14:35:59 [INFO ] [StartupInfoLogger.java]logStarted(57) : Started FileControllerTest in 3.134 seconds (process running for 3.644)
2023-03-18 14:36:01 [INFO ] [StartupInfoLogger.java]logStarting(51) : Starting Boot3Application using Java 17.0.5 with PID 16400 (/Volumes/DATA/git/boot3/build/classes/java/main started by totohyojuntak in /Volumes/DATA/git/boot3)
2023-03-18 14:36:01 [DEBUG] [StartupInfoLogger.java]logStarting(52) : Running with Spring Boot v3.0.2, Spring v6.0.4
2023-03-18 14:36:01 [INFO ] [SpringApplication.java]logStartupProfileInfo(636) : The following 1 profile is active: "local"
2023-03-18 14:36:04 [INFO ] [StartupInfoLogger.java]logStarted(57) : Started Boot3Application in 3.228 seconds (process running for 3.429)
2023-03-18 14:37:27 [INFO ] [StartupInfoLogger.java]logStarting(51) : Starting FileControllerTest using Java 17.0.5 with PID 16708 (started by totohyojuntak in /Volumes/DATA/git/boot3)
2023-03-18 14:37:27 [DEBUG] [StartupInfoLogger.java]logStarting(52) : Running with Spring Boot v3.0.2, Spring v6.0.4
2023-03-18 14:37:27 [INFO ] [SpringApplication.java]logStartupProfileInfo(636) : The following 1 profile is active: "local"
2023-03-18 14:37:30 [INFO ] [StartupInfoLogger.java]logStarted(57) : Started FileControllerTest in 3.049 seconds (process running for 3.576)
2023-03-18 14:37:32 [INFO ] [StartupInfoLogger.java]logStarting(51) : Starting Boot3Application using Java 17.0.5 with PID 16731 (/Volumes/DATA/git/boot3/build/classes/java/main started by totohyojuntak in /Volumes/DATA/git/boot3)
2023-03-18 14:37:32 [DEBUG] [StartupInfoLogger.java]logStarting(52) : Running with Spring Boot v3.0.2, Spring v6.0.4
2023-03-18 14:37:32 [INFO ] [SpringApplication.java]logStartupProfileInfo(636) : The following 1 profile is active: "local"
2023-03-18 14:37:34 [INFO ] [StartupInfoLogger.java]logStarted(57) : Started Boot3Application in 3.096 seconds (process running for 3.293)
2023-03-18 14:55:39 [INFO ] [StartupInfoLogger.java]logStarting(51) : Starting FileControllerTest using Java 17.0.5 with PID 20304 (started by totohyojuntak in /Volumes/DATA/git/boot3)
2023-03-18 14:55:39 [DEBUG] [StartupInfoLogger.java]logStarting(52) : Running with Spring Boot v3.0.2, Spring v6.0.4
2023-03-18 14:55:39 [INFO ] [SpringApplication.java]logStartupProfileInfo(636) : The following 1 profile is active: "local"
2023-03-18 14:55:42 [INFO ] [StartupInfoLogger.java]logStarted(57) : Started FileControllerTest in 3.297 seconds (process running for 3.826)
2023-03-18 14:55:44 [INFO ] [StartupInfoLogger.java]logStarting(51) : Starting Boot3Application using Java 17.0.5 with PID 20323 (/Volumes/DATA/git/boot3/build/classes/java/main started by totohyojuntak in /Volumes/DATA/git/boot3)
2023-03-18 14:55:44 [DEBUG] [StartupInfoLogger.java]logStarting(52) : Running with Spring Boot v3.0.2, Spring v6.0.4
2023-03-18 14:55:44 [INFO ] [SpringApplication.java]logStartupProfileInfo(636) : The following 1 profile is active: "local"
2023-03-18 14:55:48 [INFO ] [StartupInfoLogger.java]logStarted(57) : Started Boot3Application in 3.961 seconds (process running for 4.173)
2023-03-18 14:56:10 [DEBUG] [KakaoClientController.java]getKakaoblog(62) : result
