2023-03-03 08:50:13 [INFO ] [StartupInfoLogger.java]logStarting(51) : Starting RedisRankingControllerTest using Java 17.0.5 with PID 27336 (started by totohyojuntak in /Volumes/DATA/git/boot3)
2023-03-03 08:50:13 [DEBUG] [StartupInfoLogger.java]logStarting(52) : Running with Spring Boot v3.0.2, Spring v6.0.4
2023-03-03 08:50:13 [INFO ] [SpringApplication.java]logStartupProfileInfo(636) : The following 1 profile is active: "local"
2023-03-03 08:50:16 [INFO ] [StartupInfoLogger.java]logStarted(57) : Started RedisRankingControllerTest in 3.241 seconds (process running for 3.798)
2023-03-03 08:50:18 [INFO ] [StartupInfoLogger.java]logStarting(51) : Starting Boot3Application using Java 17.0.5 with PID 27350 (/Volumes/DATA/git/boot3/build/classes/java/main started by totohyojuntak in /Volumes/DATA/git/boot3)
2023-03-03 08:50:18 [DEBUG] [StartupInfoLogger.java]logStarting(52) : Running with Spring Boot v3.0.2, Spring v6.0.4
2023-03-03 08:50:18 [INFO ] [SpringApplication.java]logStartupProfileInfo(636) : The following 1 profile is active: "local"
2023-03-03 08:50:21 [INFO ] [StartupInfoLogger.java]logStarted(57) : Started Boot3Application in 2.975 seconds (process running for 3.163)
2023-03-03 08:51:20 [DEBUG] [FileController.java]uploadExcel(34) : Excel Upload 기능
2023-03-03 08:51:20 [DEBUG] [FileController.java]uploadExcel(52) : java.lang.NullPointerException: Cannot invoke "org.springframework.web.multipart.MultipartFile.getInputStream()" because "file" is null
2023-03-03 08:52:26 [DEBUG] [FileController.java]uploadExcel(34) : Excel Upload 기능
2023-03-03 08:52:27 [DEBUG] [FileController.java]uploadExcel(52) : java.lang.NullPointerException: Cannot invoke "java.util.HashMap.put(Object, Object)" because "temp" is null
2023-03-03 08:52:44 [DEBUG] [FileController.java]uploadExcel(34) : Excel Upload 기능
2023-03-03 08:52:52 [DEBUG] [FileController.java]uploadExcel(52) : java.lang.NullPointerException: Cannot invoke "java.util.HashMap.put(Object, Object)" because "temp" is null
2023-03-03 08:53:00 [DEBUG] [FileController.java]uploadExcel(34) : Excel Upload 기능
2023-03-03 08:53:21 [DEBUG] [FileController.java]uploadExcel(52) : java.lang.NullPointerException: Cannot invoke "java.util.HashMap.put(Object, Object)" because "temp" is null
2023-03-03 08:53:53 [INFO ] [StartupInfoLogger.java]logStarting(51) : Starting RedisRankingControllerTest using Java 17.0.5 with PID 28008 (started by totohyojuntak in /Volumes/DATA/git/boot3)
2023-03-03 08:53:53 [DEBUG] [StartupInfoLogger.java]logStarting(52) : Running with Spring Boot v3.0.2, Spring v6.0.4
2023-03-03 08:53:53 [INFO ] [SpringApplication.java]logStartupProfileInfo(636) : The following 1 profile is active: "local"
2023-03-03 08:53:56 [INFO ] [StartupInfoLogger.java]logStarted(57) : Started RedisRankingControllerTest in 3.055 seconds (process running for 3.674)
2023-03-03 08:53:57 [INFO ] [StartupInfoLogger.java]logStarting(51) : Starting Boot3Application using Java 17.0.5 with PID 28025 (/Volumes/DATA/git/boot3/build/classes/java/main started by totohyojuntak in /Volumes/DATA/git/boot3)
2023-03-03 08:53:57 [DEBUG] [StartupInfoLogger.java]logStarting(52) : Running with Spring Boot v3.0.2, Spring v6.0.4
2023-03-03 08:53:57 [INFO ] [SpringApplication.java]logStartupProfileInfo(636) : The following 1 profile is active: "local"
2023-03-03 08:54:00 [INFO ] [StartupInfoLogger.java]logStarted(57) : Started Boot3Application in 3.155 seconds (process running for 3.351)
2023-03-03 08:54:35 [DEBUG] [FileController.java]uploadExcel(34) : Excel Upload 기능
2023-03-03 08:54:47 [DEBUG] [FileController.java]uploadExcel(52) : java.lang.NullPointerException: Cannot invoke "java.util.List.add(Object)" because "result" is null
2023-03-03 08:55:01 [DEBUG] [FileController.java]uploadExcel(34) : Excel Upload 기능
2023-03-03 08:55:04 [DEBUG] [FileController.java]uploadExcel(52) : java.lang.NullPointerException: Cannot invoke "java.util.List.add(Object)" because "result" is null
2023-03-03 08:55:28 [INFO ] [StartupInfoLogger.java]logStarting(51) : Starting RedisRankingControllerTest using Java 17.0.5 with PID 28310 (started by totohyojuntak in /Volumes/DATA/git/boot3)
2023-03-03 08:55:28 [DEBUG] [StartupInfoLogger.java]logStarting(52) : Running with Spring Boot v3.0.2, Spring v6.0.4
2023-03-03 08:55:28 [INFO ] [SpringApplication.java]logStartupProfileInfo(636) : The following 1 profile is active: "local"
2023-03-03 08:55:31 [INFO ] [StartupInfoLogger.java]logStarted(57) : Started RedisRankingControllerTest in 3.538 seconds (process running for 4.205)
2023-03-03 08:55:33 [INFO ] [StartupInfoLogger.java]logStarting(51) : Starting Boot3Application using Java 17.0.5 with PID 28331 (/Volumes/DATA/git/boot3/build/classes/java/main started by totohyojuntak in /Volumes/DATA/git/boot3)
2023-03-03 08:55:33 [DEBUG] [StartupInfoLogger.java]logStarting(52) : Running with Spring Boot v3.0.2, Spring v6.0.4
2023-03-03 08:55:33 [INFO ] [SpringApplication.java]logStartupProfileInfo(636) : The following 1 profile is active: "local"
2023-03-03 08:55:36 [INFO ] [StartupInfoLogger.java]logStarted(57) : Started Boot3Application in 3.02 seconds (process running for 3.21)
2023-03-03 08:55:41 [DEBUG] [FileController.java]uploadExcel(34) : Excel Upload 기능
2023-03-03 08:55:43 [DEBUG] [FileService.java]uploadExcel(78) : 1 : {price=가격, name=이름, season=계절, region=지역, seq=연번}
2023-03-03 08:55:43 [DEBUG] [FileController.java]uploadExcel(52) : java.lang.IllegalStateException: Cannot get a STRING value from a NUMERIC cell
2023-03-03 08:56:10 [DEBUG] [FileController.java]uploadExcel(34) : Excel Upload 기능
2023-03-03 08:56:15 [DEBUG] [FileService.java]uploadExcel(78) : 1 : {price=가격, name=이름, season=계절, region=지역, seq=연번}
2023-03-03 08:56:19 [DEBUG] [FileController.java]uploadExcel(52) : java.lang.IllegalStateException: Cannot get a STRING value from a NUMERIC cell
2023-03-03 08:56:49 [INFO ] [StartupInfoLogger.java]logStarting(51) : Starting RedisRankingControllerTest using Java 17.0.5 with PID 28565 (started by totohyojuntak in /Volumes/DATA/git/boot3)
2023-03-03 08:56:49 [DEBUG] [StartupInfoLogger.java]logStarting(52) : Running with Spring Boot v3.0.2, Spring v6.0.4
2023-03-03 08:56:49 [INFO ] [SpringApplication.java]logStartupProfileInfo(636) : The following 1 profile is active: "local"
2023-03-03 08:56:52 [INFO ] [StartupInfoLogger.java]logStarted(57) : Started RedisRankingControllerTest in 3.061 seconds (process running for 3.606)
2023-03-03 08:56:54 [INFO ] [StartupInfoLogger.java]logStarting(51) : Starting Boot3Application using Java 17.0.5 with PID 28580 (/Volumes/DATA/git/boot3/build/classes/java/main started by totohyojuntak in /Volumes/DATA/git/boot3)
2023-03-03 08:56:54 [DEBUG] [StartupInfoLogger.java]logStarting(52) : Running with Spring Boot v3.0.2, Spring v6.0.4
2023-03-03 08:56:54 [INFO ] [SpringApplication.java]logStartupProfileInfo(636) : The following 1 profile is active: "local"
2023-03-03 08:56:56 [INFO ] [StartupInfoLogger.java]logStarted(57) : Started Boot3Application in 2.934 seconds (process running for 3.123)
2023-03-03 08:57:17 [DEBUG] [FileController.java]uploadExcel(34) : Excel Upload 기능
2023-03-03 08:57:17 [DEBUG] [FileController.java]uploadExcel(52) : java.lang.IllegalStateException: Cannot get a NUMERIC value from a STRING cell
2023-03-03 08:57:31 [DEBUG] [FileController.java]uploadExcel(34) : Excel Upload 기능
2023-03-03 08:57:40 [DEBUG] [FileController.java]uploadExcel(52) : java.lang.IllegalStateException: Cannot get a NUMERIC value from a STRING cell
2023-03-03 08:58:27 [DEBUG] [FileController.java]uploadExcel(34) : Excel Upload 기능
2023-03-03 08:58:31 [DEBUG] [FileService.java]uploadExcel(78) : 1 : {price=100.0, name=사과, season=가을, region=대구, seq=1.0}
2023-03-03 08:58:32 [DEBUG] [FileService.java]uploadExcel(78) : 2 : {price=120.0, name=바나나, season=여름, region=필리핀, seq=2.0}
2023-03-03 08:58:36 [DEBUG] [FileService.java]uploadExcel(78) : 3 : {price=500.0, name=메론, season=여름, region=말레이시아, seq=3.0}
2023-03-03 08:58:36 [DEBUG] [FileService.java]uploadExcel(78) : 4 : {price=50.0, name=복숭아, season=봄, region=대전, seq=4.0}
2023-03-03 08:58:36 [DEBUG] [FileService.java]uploadExcel(78) : 5 : {price=40.0, name=자두, season=봄, region=강릉, seq=5.0}
2023-03-03 08:58:36 [DEBUG] [FileService.java]uploadExcel(78) : 6 : {price=200.0, name=수박, season=여름, region=부산, seq=6.0}
2023-03-03 08:58:36 [DEBUG] [FileService.java]uploadExcel(78) : 7 : {price=150.0, name=참외, season=여름, region=서울, seq=7.0}
2023-03-03 08:58:36 [DEBUG] [FileService.java]uploadExcel(78) : 8 : {price=30.0, name=귤, season=겨울, region=인천, seq=8.0}
2023-03-03 08:58:36 [DEBUG] [FileService.java]uploadExcel(78) : 9 : {price=200.0, name=한라봉, season=겨울, region=제주, seq=9.0}
2023-03-03 08:58:36 [DEBUG] [FileService.java]uploadExcel(78) : 10 : {price=350.0, name=석류, season=봄, region=UAE, seq=10.0}
2023-03-03 08:58:36 [DEBUG] [FileController.java]uploadExcel(47) : ##### result #####
2023-03-03 08:58:36 [DEBUG] [FileController.java]uploadExcel(48) : [{price=100.0, name=사과, season=가을, region=대구, seq=1.0}, {price=120.0, name=바나나, season=여름, region=필리핀, seq=2.0}, {price=500.0, name=메론, season=여름, region=말레이시아, seq=3.0}, {price=50.0, name=복숭아, season=봄, region=대전, seq=4.0}, {price=40.0, name=자두, season=봄, region=강릉, seq=5.0}, {price=200.0, name=수박, season=여름, region=부산, seq=6.0}, {price=150.0, name=참외, season=여름, region=서울, seq=7.0}, {price=30.0, name=귤, season=겨울, region=인천, seq=8.0}, {price=200.0, name=한라봉, season=겨울, region=제주, seq=9.0}, {price=350.0, name=석류, season=봄, region=UAE, seq=10.0}]
2023-03-03 09:55:48 [INFO ] [StartupInfoLogger.java]logStarting(51) : Starting RedisRankingControllerTest using Java 17.0.5 with PID 38636 (started by totohyojuntak in /Volumes/DATA/git/boot3)
2023-03-03 09:55:48 [DEBUG] [StartupInfoLogger.java]logStarting(52) : Running with Spring Boot v3.0.2, Spring v6.0.4
2023-03-03 09:55:48 [INFO ] [SpringApplication.java]logStartupProfileInfo(636) : The following 1 profile is active: "local"
2023-03-03 09:55:52 [INFO ] [StartupInfoLogger.java]logStarted(57) : Started RedisRankingControllerTest in 3.355 seconds (process running for 3.914)
2023-03-03 09:55:53 [INFO ] [StartupInfoLogger.java]logStarting(51) : Starting Boot3Application using Java 17.0.5 with PID 38651 (/Volumes/DATA/git/boot3/build/classes/java/main started by totohyojuntak in /Volumes/DATA/git/boot3)
2023-03-03 09:55:53 [DEBUG] [StartupInfoLogger.java]logStarting(52) : Running with Spring Boot v3.0.2, Spring v6.0.4
2023-03-03 09:55:53 [INFO ] [SpringApplication.java]logStartupProfileInfo(636) : The following 1 profile is active: "local"
2023-03-03 09:55:57 [INFO ] [StartupInfoLogger.java]logStarted(57) : Started Boot3Application in 3.52 seconds (process running for 3.716)
2023-03-03 09:56:04 [DEBUG] [FileController.java]uploadExcel(35) : Excel Upload 기능
2023-03-03 09:56:04 [DEBUG] [FileController.java]uploadExcel(55) : java.lang.IllegalStateException: Cannot get a NUMERIC value from a STRING cell
2023-03-03 09:56:53 [DEBUG] [FileController.java]uploadExcel(35) : Excel Upload 기능
2023-03-03 09:56:56 [DEBUG] [FileController.java]uploadExcel(55) : java.lang.IllegalStateException: Cannot get a NUMERIC value from a STRING cell
2023-03-03 09:58:01 [INFO ] [StartupInfoLogger.java]logStarting(51) : Starting RedisRankingControllerTest using Java 17.0.5 with PID 39109 (started by totohyojuntak in /Volumes/DATA/git/boot3)
2023-03-03 09:58:01 [DEBUG] [StartupInfoLogger.java]logStarting(52) : Running with Spring Boot v3.0.2, Spring v6.0.4
2023-03-03 09:58:01 [INFO ] [SpringApplication.java]logStartupProfileInfo(636) : The following 1 profile is active: "local"
2023-03-03 09:58:04 [INFO ] [StartupInfoLogger.java]logStarted(57) : Started RedisRankingControllerTest in 3.69 seconds (process running for 4.26)
2023-03-03 09:58:06 [INFO ] [StartupInfoLogger.java]logStarting(51) : Starting Boot3Application using Java 17.0.5 with PID 39129 (/Volumes/DATA/git/boot3/build/classes/java/main started by totohyojuntak in /Volumes/DATA/git/boot3)
2023-03-03 09:58:06 [DEBUG] [StartupInfoLogger.java]logStarting(52) : Running with Spring Boot v3.0.2, Spring v6.0.4
2023-03-03 09:58:06 [INFO ] [SpringApplication.java]logStartupProfileInfo(636) : The following 1 profile is active: "local"
2023-03-03 09:58:09 [INFO ] [StartupInfoLogger.java]logStarted(57) : Started Boot3Application in 2.964 seconds (process running for 3.165)
2023-03-03 09:58:13 [DEBUG] [FileController.java]uploadExcel(35) : Excel Upload 기능
2023-03-03 09:58:16 [DEBUG] [FileController.java]uploadExcel(55) : java.lang.IllegalStateException: Cannot get a STRING value from a NUMERIC cell
2023-03-03 09:58:22 [DEBUG] [FileController.java]uploadExcel(35) : Excel Upload 기능
2023-03-03 09:58:31 [DEBUG] [FileController.java]uploadExcel(55) : java.lang.IllegalStateException: Cannot get a STRING value from a NUMERIC cell
2023-03-03 09:58:44 [DEBUG] [FileController.java]uploadExcel(35) : Excel Upload 기능
2023-03-03 09:58:44 [DEBUG] [FileService.java]uploadExcel(87) : 1 : FruitEntity(seq=1, name=사과, season=가을, price=100, region=대구, createdDate=null)
2023-03-03 09:58:44 [DEBUG] [FileService.java]uploadExcel(87) : 2 : FruitEntity(seq=2, name=바나나, season=여름, price=120, region=필리핀, createdDate=null)
2023-03-03 09:58:44 [DEBUG] [FileService.java]uploadExcel(87) : 3 : FruitEntity(seq=3, name=메론, season=여름, price=500, region=말레이시아, createdDate=null)
2023-03-03 09:58:44 [DEBUG] [FileService.java]uploadExcel(87) : 4 : FruitEntity(seq=4, name=복숭아, season=봄, price=50, region=대전, createdDate=null)
2023-03-03 09:58:44 [DEBUG] [FileService.java]uploadExcel(87) : 5 : FruitEntity(seq=5, name=자두, season=봄, price=40, region=강릉, createdDate=null)
2023-03-03 09:58:44 [DEBUG] [FileService.java]uploadExcel(87) : 6 : FruitEntity(seq=6, name=수박, season=여름, price=200, region=부산, createdDate=null)
2023-03-03 09:58:44 [DEBUG] [FileService.java]uploadExcel(87) : 7 : FruitEntity(seq=7, name=참외, season=여름, price=150, region=서울, createdDate=null)
2023-03-03 09:58:44 [DEBUG] [FileService.java]uploadExcel(87) : 8 : FruitEntity(seq=8, name=귤, season=겨울, price=30, region=인천, createdDate=null)
2023-03-03 09:58:44 [DEBUG] [FileService.java]uploadExcel(87) : 9 : FruitEntity(seq=9, name=한라봉, season=겨울, price=200, region=제주, createdDate=null)
2023-03-03 09:58:44 [DEBUG] [FileService.java]uploadExcel(87) : 10 : FruitEntity(seq=10, name=석류, season=봄, price=350, region=UAE, createdDate=null)
2023-03-03 09:58:44 [DEBUG] [FileController.java]uploadExcel(48) : ##### result #####
2023-03-03 09:58:44 [DEBUG] [FileController.java]uploadExcel(49) : [FruitEntity(seq=1, name=사과, season=가을, price=100, region=대구, createdDate=null), FruitEntity(seq=2, name=바나나, season=여름, price=120, region=필리핀, createdDate=null), FruitEntity(seq=3, name=메론, season=여름, price=500, region=말레이시아, createdDate=null), FruitEntity(seq=4, name=복숭아, season=봄, price=50, region=대전, createdDate=null), FruitEntity(seq=5, name=자두, season=봄, price=40, region=강릉, createdDate=null), FruitEntity(seq=6, name=수박, season=여름, price=200, region=부산, createdDate=null), FruitEntity(seq=7, name=참외, season=여름, price=150, region=서울, createdDate=null), FruitEntity(seq=8, name=귤, season=겨울, price=30, region=인천, createdDate=null), FruitEntity(seq=9, name=한라봉, season=겨울, price=200, region=제주, createdDate=null), FruitEntity(seq=10, name=석류, season=봄, price=350, region=UAE, createdDate=null)]
2023-03-03 10:12:01 [INFO ] [StartupInfoLogger.java]logStarting(51) : Starting RedisRankingControllerTest using Java 17.0.5 with PID 41990 (started by totohyojuntak in /Volumes/DATA/git/boot3)
2023-03-03 10:12:01 [DEBUG] [StartupInfoLogger.java]logStarting(52) : Running with Spring Boot v3.0.2, Spring v6.0.4
2023-03-03 10:12:01 [INFO ] [SpringApplication.java]logStartupProfileInfo(636) : The following 1 profile is active: "local"
2023-03-03 10:12:04 [INFO ] [StartupInfoLogger.java]logStarted(57) : Started RedisRankingControllerTest in 3.239 seconds (process running for 3.866)
2023-03-03 10:12:06 [INFO ] [StartupInfoLogger.java]logStarting(51) : Starting Boot3Application using Java 17.0.5 with PID 42056 (/Volumes/DATA/git/boot3/build/classes/java/main started by totohyojuntak in /Volumes/DATA/git/boot3)
2023-03-03 10:12:06 [DEBUG] [StartupInfoLogger.java]logStarting(52) : Running with Spring Boot v3.0.2, Spring v6.0.4
2023-03-03 10:12:06 [INFO ] [SpringApplication.java]logStartupProfileInfo(636) : The following 1 profile is active: "local"
2023-03-03 10:12:10 [INFO ] [StartupInfoLogger.java]logStarted(57) : Started Boot3Application in 3.598 seconds (process running for 3.809)
2023-03-03 10:12:16 [DEBUG] [FileController.java]downloadExcel(36) : Excel Download 기능
2023-03-03 10:22:21 [INFO ] [StartupInfoLogger.java]logStarting(51) : Starting RedisRankingControllerTest using Java 17.0.5 with PID 54649 (started by totohyojuntak in /Volumes/DATA/git/boot3)
2023-03-03 10:22:21 [DEBUG] [StartupInfoLogger.java]logStarting(52) : Running with Spring Boot v3.0.2, Spring v6.0.4
2023-03-03 10:22:21 [INFO ] [SpringApplication.java]logStartupProfileInfo(636) : The following 1 profile is active: "local"
2023-03-03 10:23:45 [INFO ] [StartupInfoLogger.java]logStarting(51) : Starting RedisRankingControllerTest using Java 17.0.5 with PID 57227 (started by totohyojuntak in /Volumes/DATA/git/boot3)
2023-03-03 10:23:45 [DEBUG] [StartupInfoLogger.java]logStarting(52) : Running with Spring Boot v3.0.2, Spring v6.0.4
2023-03-03 10:23:45 [INFO ] [SpringApplication.java]logStartupProfileInfo(636) : The following 1 profile is active: "local"
2023-03-03 10:24:05 [INFO ] [StartupInfoLogger.java]logStarting(51) : Starting RedisRankingControllerTest using Java 17.0.5 with PID 54649 (started by totohyojuntak in /Volumes/DATA/git/boot3)
2023-03-03 10:24:05 [DEBUG] [StartupInfoLogger.java]logStarting(52) : Running with Spring Boot v3.0.2, Spring v6.0.4
2023-03-03 10:24:05 [INFO ] [SpringApplication.java]logStartupProfileInfo(636) : The following 1 profile is active: "local"
2023-03-03 10:25:29 [INFO ] [StartupInfoLogger.java]logStarting(51) : Starting RedisRankingControllerTest using Java 17.0.5 with PID 57227 (started by totohyojuntak in /Volumes/DATA/git/boot3)
2023-03-03 10:25:29 [DEBUG] [StartupInfoLogger.java]logStarting(52) : Running with Spring Boot v3.0.2, Spring v6.0.4
2023-03-03 10:25:29 [INFO ] [SpringApplication.java]logStartupProfileInfo(636) : The following 1 profile is active: "local"
2023-03-03 10:25:47 [INFO ] [StartupInfoLogger.java]logStarting(51) : Starting RedisRankingControllerTest using Java 17.0.5 with PID 54649 (started by totohyojuntak in /Volumes/DATA/git/boot3)
2023-03-03 10:25:47 [DEBUG] [StartupInfoLogger.java]logStarting(52) : Running with Spring Boot v3.0.2, Spring v6.0.4
2023-03-03 10:25:47 [INFO ] [SpringApplication.java]logStartupProfileInfo(636) : The following 1 profile is active: "local"
2023-03-03 10:27:11 [INFO ] [StartupInfoLogger.java]logStarting(51) : Starting RedisRankingControllerTest using Java 17.0.5 with PID 57227 (started by totohyojuntak in /Volumes/DATA/git/boot3)
2023-03-03 10:27:11 [DEBUG] [StartupInfoLogger.java]logStarting(52) : Running with Spring Boot v3.0.2, Spring v6.0.4
2023-03-03 10:27:11 [INFO ] [SpringApplication.java]logStartupProfileInfo(636) : The following 1 profile is active: "local"
2023-03-03 10:27:29 [INFO ] [StartupInfoLogger.java]logStarting(51) : Starting UserControllerTest using Java 17.0.5 with PID 54649 (started by totohyojuntak in /Volumes/DATA/git/boot3)
2023-03-03 10:27:29 [DEBUG] [StartupInfoLogger.java]logStarting(52) : Running with Spring Boot v3.0.2, Spring v6.0.4
2023-03-03 10:27:29 [INFO ] [SpringApplication.java]logStartupProfileInfo(636) : The following 1 profile is active: "local"
2023-03-03 10:28:54 [INFO ] [StartupInfoLogger.java]logStarting(51) : Starting UserControllerTest using Java 17.0.5 with PID 57227 (started by totohyojuntak in /Volumes/DATA/git/boot3)
2023-03-03 10:28:54 [DEBUG] [StartupInfoLogger.java]logStarting(52) : Running with Spring Boot v3.0.2, Spring v6.0.4
2023-03-03 10:28:54 [INFO ] [SpringApplication.java]logStartupProfileInfo(636) : The following 1 profile is active: "local"
2023-03-03 10:29:12 [INFO ] [StartupInfoLogger.java]logStarting(51) : Starting UserControllerTest using Java 17.0.5 with PID 54649 (started by totohyojuntak in /Volumes/DATA/git/boot3)
2023-03-03 10:29:12 [DEBUG] [StartupInfoLogger.java]logStarting(52) : Running with Spring Boot v3.0.2, Spring v6.0.4
2023-03-03 10:29:12 [INFO ] [SpringApplication.java]logStartupProfileInfo(636) : The following 1 profile is active: "local"
2023-03-03 10:30:36 [INFO ] [StartupInfoLogger.java]logStarting(51) : Starting UserControllerTest using Java 17.0.5 with PID 57227 (started by totohyojuntak in /Volumes/DATA/git/boot3)
2023-03-03 10:30:36 [DEBUG] [StartupInfoLogger.java]logStarting(52) : Running with Spring Boot v3.0.2, Spring v6.0.4
2023-03-03 10:30:36 [INFO ] [SpringApplication.java]logStartupProfileInfo(636) : The following 1 profile is active: "local"
2023-03-03 10:30:54 [INFO ] [StartupInfoLogger.java]logStarting(51) : Starting UserControllerTest using Java 17.0.5 with PID 54649 (started by totohyojuntak in /Volumes/DATA/git/boot3)
2023-03-03 10:30:54 [DEBUG] [StartupInfoLogger.java]logStarting(52) : Running with Spring Boot v3.0.2, Spring v6.0.4
2023-03-03 10:30:54 [INFO ] [SpringApplication.java]logStartupProfileInfo(636) : The following 1 profile is active: "local"
2023-03-03 10:32:18 [INFO ] [StartupInfoLogger.java]logStarting(51) : Starting UserControllerTest using Java 17.0.5 with PID 57227 (started by totohyojuntak in /Volumes/DATA/git/boot3)
2023-03-03 10:32:18 [DEBUG] [StartupInfoLogger.java]logStarting(52) : Running with Spring Boot v3.0.2, Spring v6.0.4
2023-03-03 10:32:18 [INFO ] [SpringApplication.java]logStartupProfileInfo(636) : The following 1 profile is active: "local"
2023-03-03 10:37:14 [INFO ] [StartupInfoLogger.java]logStarting(51) : Starting RedisRankingControllerTest using Java 17.0.5 with PID 80734 (started by totohyojuntak in /Volumes/DATA/git/boot3)
2023-03-03 10:37:14 [DEBUG] [StartupInfoLogger.java]logStarting(52) : Running with Spring Boot v3.0.2, Spring v6.0.4
2023-03-03 10:37:14 [INFO ] [SpringApplication.java]logStartupProfileInfo(636) : The following 1 profile is active: "local"
2023-03-03 10:37:17 [INFO ] [StartupInfoLogger.java]logStarted(57) : Started RedisRankingControllerTest in 3.17 seconds (process running for 3.745)
2023-03-03 10:37:19 [INFO ] [StartupInfoLogger.java]logStarting(51) : Starting Boot3Application using Java 17.0.5 with PID 80749 (/Volumes/DATA/git/boot3/build/classes/java/main started by totohyojuntak in /Volumes/DATA/git/boot3)
2023-03-03 10:37:19 [DEBUG] [StartupInfoLogger.java]logStarting(52) : Running with Spring Boot v3.0.2, Spring v6.0.4
2023-03-03 10:37:19 [INFO ] [SpringApplication.java]logStartupProfileInfo(636) : The following 1 profile is active: "local"
2023-03-03 10:37:22 [INFO ] [StartupInfoLogger.java]logStarted(57) : Started Boot3Application in 3.503 seconds (process running for 3.744)
2023-03-03 10:37:44 [DEBUG] [FileController.java]downloadExcel(36) : Excel Download 기능
2023-03-03 10:45:02 [DEBUG] [FileController.java]downloadExcel(36) : Excel Download 기능
2023-03-03 10:45:09 [DEBUG] [FileController.java]downloadExcel(36) : Excel Download 기능
2023-03-03 14:08:49 [INFO ] [StartupInfoLogger.java]logStarting(51) : Starting RedisRankingControllerTest using Java 17.0.5 with PID 93812 (started by totohyojuntak in /Volumes/DATA/git/boot3)
2023-03-03 14:08:49 [DEBUG] [StartupInfoLogger.java]logStarting(52) : Running with Spring Boot v3.0.2, Spring v6.0.4
2023-03-03 14:08:49 [INFO ] [SpringApplication.java]logStartupProfileInfo(636) : The following 1 profile is active: "local"
2023-03-03 14:10:32 [INFO ] [StartupInfoLogger.java]logStarting(51) : Starting RedisRankingControllerTest using Java 17.0.5 with PID 93812 (started by totohyojuntak in /Volumes/DATA/git/boot3)
2023-03-03 14:10:32 [DEBUG] [StartupInfoLogger.java]logStarting(52) : Running with Spring Boot v3.0.2, Spring v6.0.4
2023-03-03 14:10:32 [INFO ] [SpringApplication.java]logStartupProfileInfo(636) : The following 1 profile is active: "local"
2023-03-03 14:12:15 [INFO ] [StartupInfoLogger.java]logStarting(51) : Starting RedisRankingControllerTest using Java 17.0.5 with PID 93812 (started by totohyojuntak in /Volumes/DATA/git/boot3)
2023-03-03 14:12:15 [DEBUG] [StartupInfoLogger.java]logStarting(52) : Running with Spring Boot v3.0.2, Spring v6.0.4
2023-03-03 14:12:15 [INFO ] [SpringApplication.java]logStartupProfileInfo(636) : The following 1 profile is active: "local"
2023-03-03 15:13:56 [INFO ] [StartupInfoLogger.java]logStarting(51) : Starting RedisRankingControllerTest using Java 17.0.5 with PID 13655 (started by totohyojuntak in /Volumes/DATA/git/boot3)
2023-03-03 15:13:56 [DEBUG] [StartupInfoLogger.java]logStarting(52) : Running with Spring Boot v3.0.2, Spring v6.0.4
2023-03-03 15:13:56 [INFO ] [SpringApplication.java]logStartupProfileInfo(636) : The following 1 profile is active: "local"
2023-03-03 15:14:00 [INFO ] [StartupInfoLogger.java]logStarted(57) : Started RedisRankingControllerTest in 3.355 seconds (process running for 3.998)
2023-03-03 15:14:01 [INFO ] [StartupInfoLogger.java]logStarting(51) : Starting Boot3Application using Java 17.0.5 with PID 13672 (/Volumes/DATA/git/boot3/build/classes/java/main started by totohyojuntak in /Volumes/DATA/git/boot3)
2023-03-03 15:14:01 [DEBUG] [StartupInfoLogger.java]logStarting(52) : Running with Spring Boot v3.0.2, Spring v6.0.4
2023-03-03 15:14:01 [INFO ] [SpringApplication.java]logStartupProfileInfo(636) : The following 1 profile is active: "local"
2023-03-03 15:14:04 [INFO ] [StartupInfoLogger.java]logStarted(57) : Started Boot3Application in 3.051 seconds (process running for 3.252)
2023-03-03 15:14:14 [DEBUG] [FileController.java]downloadExcel(36) : Excel Download 기능
2023-03-03 15:14:38 [DEBUG] [FileController.java]downloadExcel(36) : Excel Download 기능
2023-03-03 15:15:21 [DEBUG] [FileController.java]downloadExcel(36) : Excel Download 기능
2023-03-03 15:19:20 [INFO ] [StartupInfoLogger.java]logStarting(51) : Starting RedisRankingControllerTest using Java 17.0.5 with PID 14370 (started by totohyojuntak in /Volumes/DATA/git/boot3)
2023-03-03 15:19:20 [DEBUG] [StartupInfoLogger.java]logStarting(52) : Running with Spring Boot v3.0.2, Spring v6.0.4
2023-03-03 15:19:20 [INFO ] [SpringApplication.java]logStartupProfileInfo(636) : The following 1 profile is active: "local"
2023-03-03 15:19:23 [INFO ] [StartupInfoLogger.java]logStarted(57) : Started RedisRankingControllerTest in 2.962 seconds (process running for 3.505)
2023-03-03 15:19:25 [INFO ] [StartupInfoLogger.java]logStarting(51) : Starting Boot3Application using Java 17.0.5 with PID 14386 (/Volumes/DATA/git/boot3/build/classes/java/main started by totohyojuntak in /Volumes/DATA/git/boot3)
2023-03-03 15:19:25 [DEBUG] [StartupInfoLogger.java]logStarting(52) : Running with Spring Boot v3.0.2, Spring v6.0.4
2023-03-03 15:19:25 [INFO ] [SpringApplication.java]logStartupProfileInfo(636) : The following 1 profile is active: "local"
2023-03-03 15:19:28 [INFO ] [StartupInfoLogger.java]logStarted(57) : Started Boot3Application in 3.467 seconds (process running for 3.666)
2023-03-03 15:19:33 [DEBUG] [FileController.java]downloadExcel(36) : Excel Download 기능
2023-03-03 16:17:27 [INFO ] [StartupInfoLogger.java]logStarting(51) : Starting FileControllerTest using Java 17.0.5 with PID 20378 (started by totohyojuntak in /Volumes/DATA/git/boot3)
2023-03-03 16:17:27 [DEBUG] [StartupInfoLogger.java]logStarting(52) : Running with Spring Boot v3.0.2, Spring v6.0.4
2023-03-03 16:17:27 [INFO ] [SpringApplication.java]logStartupProfileInfo(636) : The following 1 profile is active: "local"
2023-03-03 16:17:31 [INFO ] [StartupInfoLogger.java]logStarted(57) : Started FileControllerTest in 4.008 seconds (process running for 4.572)
2023-03-03 16:17:52 [INFO ] [StartupInfoLogger.java]logStarting(51) : Starting FileControllerTest using Java 17.0.5 with PID 20431 (started by totohyojuntak in /Volumes/DATA/git/boot3)
2023-03-03 16:17:52 [DEBUG] [StartupInfoLogger.java]logStarting(52) : Running with Spring Boot v3.0.2, Spring v6.0.4
2023-03-03 16:17:52 [INFO ] [SpringApplication.java]logStartupProfileInfo(636) : The following 1 profile is active: "local"
2023-03-03 16:17:55 [INFO ] [StartupInfoLogger.java]logStarted(57) : Started FileControllerTest in 3.625 seconds (process running for 4.185)
