2023-03-08 10:00:37 [INFO ] [StartupInfoLogger.java]logStarting(51) : Starting FileControllerTest using Java 17.0.5 with PID 40549 (started by totohyojuntak in /Volumes/DATA/git/boot3)
2023-03-08 10:00:37 [DEBUG] [StartupInfoLogger.java]logStarting(52) : Running with Spring Boot v3.0.2, Spring v6.0.4
2023-03-08 10:00:37 [INFO ] [SpringApplication.java]logStartupProfileInfo(636) : The following 1 profile is active: "local"
2023-03-08 10:00:40 [INFO ] [StartupInfoLogger.java]logStarted(57) : Started FileControllerTest in 3.193 seconds (process running for 3.77)
2023-03-08 10:00:42 [INFO ] [StartupInfoLogger.java]logStarting(51) : Starting Boot3Application using Java 17.0.5 with PID 40569 (/Volumes/DATA/git/boot3/build/classes/java/main started by totohyojuntak in /Volumes/DATA/git/boot3)
2023-03-08 10:00:42 [DEBUG] [StartupInfoLogger.java]logStarting(52) : Running with Spring Boot v3.0.2, Spring v6.0.4
2023-03-08 10:00:42 [INFO ] [SpringApplication.java]logStartupProfileInfo(636) : The following 1 profile is active: "local"
2023-03-08 10:00:46 [INFO ] [StartupInfoLogger.java]logStarted(57) : Started Boot3Application in 4.132 seconds (process running for 4.321)
2023-03-08 10:00:55 [DEBUG] [FileController.java]temp(35) : java.util.stream.IntPipeline$Head@56b7a505
2023-03-08 10:01:41 [INFO ] [StartupInfoLogger.java]logStarting(51) : Starting FileControllerTest using Java 17.0.5 with PID 40770 (started by totohyojuntak in /Volumes/DATA/git/boot3)
2023-03-08 10:01:41 [DEBUG] [StartupInfoLogger.java]logStarting(52) : Running with Spring Boot v3.0.2, Spring v6.0.4
2023-03-08 10:01:41 [INFO ] [SpringApplication.java]logStartupProfileInfo(636) : The following 1 profile is active: "local"
2023-03-08 10:01:44 [INFO ] [StartupInfoLogger.java]logStarted(57) : Started FileControllerTest in 3.146 seconds (process running for 3.688)
2023-03-08 10:01:46 [INFO ] [StartupInfoLogger.java]logStarting(51) : Starting Boot3Application using Java 17.0.5 with PID 40792 (/Volumes/DATA/git/boot3/build/classes/java/main started by totohyojuntak in /Volumes/DATA/git/boot3)
2023-03-08 10:01:46 [DEBUG] [StartupInfoLogger.java]logStarting(52) : Running with Spring Boot v3.0.2, Spring v6.0.4
2023-03-08 10:01:46 [INFO ] [SpringApplication.java]logStartupProfileInfo(636) : The following 1 profile is active: "local"
2023-03-08 10:01:49 [INFO ] [StartupInfoLogger.java]logStarted(57) : Started Boot3Application in 3.079 seconds (process running for 3.28)
2023-03-08 10:01:53 [DEBUG] [FileController.java]temp(35) : 10
2023-03-08 10:03:13 [INFO ] [StartupInfoLogger.java]logStarting(51) : Starting FileControllerTest using Java 17.0.5 with PID 41104 (started by totohyojuntak in /Volumes/DATA/git/boot3)
2023-03-08 10:03:13 [DEBUG] [StartupInfoLogger.java]logStarting(52) : Running with Spring Boot v3.0.2, Spring v6.0.4
2023-03-08 10:03:13 [INFO ] [SpringApplication.java]logStartupProfileInfo(636) : The following 1 profile is active: "local"
2023-03-08 10:03:16 [INFO ] [StartupInfoLogger.java]logStarted(57) : Started FileControllerTest in 3.381 seconds (process running for 4.043)
2023-03-08 10:03:18 [INFO ] [StartupInfoLogger.java]logStarting(51) : Starting Boot3Application using Java 17.0.5 with PID 41133 (/Volumes/DATA/git/boot3/build/classes/java/main started by totohyojuntak in /Volumes/DATA/git/boot3)
2023-03-08 10:03:18 [DEBUG] [StartupInfoLogger.java]logStarting(52) : Running with Spring Boot v3.0.2, Spring v6.0.4
2023-03-08 10:03:18 [INFO ] [SpringApplication.java]logStartupProfileInfo(636) : The following 1 profile is active: "local"
2023-03-08 10:03:21 [INFO ] [StartupInfoLogger.java]logStarted(57) : Started Boot3Application in 3.273 seconds (process running for 3.483)
2023-03-08 10:03:36 [DEBUG] [FileController.java]temp(35) : N : 
2023-03-08 10:11:42 [INFO ] [StartupInfoLogger.java]logStarting(51) : Starting FileControllerTest using Java 17.0.5 with PID 42067 (started by totohyojuntak in /Volumes/DATA/git/boot3)
2023-03-08 10:11:42 [DEBUG] [StartupInfoLogger.java]logStarting(52) : Running with Spring Boot v3.0.2, Spring v6.0.4
2023-03-08 10:11:42 [INFO ] [SpringApplication.java]logStartupProfileInfo(636) : The following 1 profile is active: "local"
2023-03-08 10:11:45 [INFO ] [StartupInfoLogger.java]logStarted(57) : Started FileControllerTest in 3.58 seconds (process running for 4.15)
2023-03-08 10:11:47 [INFO ] [StartupInfoLogger.java]logStarting(51) : Starting Boot3Application using Java 17.0.5 with PID 42092 (/Volumes/DATA/git/boot3/build/classes/java/main started by totohyojuntak in /Volumes/DATA/git/boot3)
2023-03-08 10:11:47 [DEBUG] [StartupInfoLogger.java]logStarting(52) : Running with Spring Boot v3.0.2, Spring v6.0.4
2023-03-08 10:11:47 [INFO ] [SpringApplication.java]logStartupProfileInfo(636) : The following 1 profile is active: "local"
2023-03-08 10:11:50 [INFO ] [StartupInfoLogger.java]logStarted(57) : Started Boot3Application in 3.053 seconds (process running for 3.264)
2023-03-08 16:46:47 [INFO ] [StartupInfoLogger.java]logStarting(51) : Starting FileControllerTest using Java 17.0.5 with PID 183 (started by totohyojuntak in /Volumes/DATA/git/boot3)
2023-03-08 16:46:47 [DEBUG] [StartupInfoLogger.java]logStarting(52) : Running with Spring Boot v3.0.2, Spring v6.0.4
2023-03-08 16:46:47 [INFO ] [SpringApplication.java]logStartupProfileInfo(636) : The following 1 profile is active: "local"
2023-03-08 16:46:50 [INFO ] [StartupInfoLogger.java]logStarted(57) : Started FileControllerTest in 3.308 seconds (process running for 3.895)
2023-03-08 16:46:52 [INFO ] [StartupInfoLogger.java]logStarting(51) : Starting Boot3Application using Java 17.0.5 with PID 219 (/Volumes/DATA/git/boot3/build/classes/java/main started by totohyojuntak in /Volumes/DATA/git/boot3)
2023-03-08 16:46:52 [DEBUG] [StartupInfoLogger.java]logStarting(52) : Running with Spring Boot v3.0.2, Spring v6.0.4
2023-03-08 16:46:52 [INFO ] [SpringApplication.java]logStartupProfileInfo(636) : The following 1 profile is active: "local"
2023-03-08 16:46:55 [INFO ] [StartupInfoLogger.java]logStarted(57) : Started Boot3Application in 3.108 seconds (process running for 3.329)
2023-03-08 16:46:56 [DEBUG] [FileController.java]lambda$temp$0(43) : Java
2023-03-08 16:46:56 [DEBUG] [FileController.java]lambda$temp$0(43) : Scala
2023-03-08 16:46:56 [DEBUG] [FileController.java]lambda$temp$0(43) : Groovy
2023-03-08 16:46:56 [DEBUG] [FileController.java]lambda$temp$0(43) : Python
2023-03-08 16:46:56 [DEBUG] [FileController.java]lambda$temp$0(43) : Go
2023-03-08 16:46:56 [DEBUG] [FileController.java]lambda$temp$0(43) : Swift
2023-03-08 16:46:56 [DEBUG] [FileController.java]lambda$temp$0(43) : Java
2023-03-08 16:47:24 [INFO ] [StartupInfoLogger.java]logStarting(51) : Starting FileControllerTest using Java 17.0.5 with PID 360 (started by totohyojuntak in /Volumes/DATA/git/boot3)
2023-03-08 16:47:25 [DEBUG] [StartupInfoLogger.java]logStarting(52) : Running with Spring Boot v3.0.2, Spring v6.0.4
2023-03-08 16:47:25 [INFO ] [SpringApplication.java]logStartupProfileInfo(636) : The following 1 profile is active: "local"
2023-03-08 16:47:27 [INFO ] [StartupInfoLogger.java]logStarted(57) : Started FileControllerTest in 3.138 seconds (process running for 3.692)
2023-03-08 16:47:29 [INFO ] [StartupInfoLogger.java]logStarting(51) : Starting Boot3Application using Java 17.0.5 with PID 383 (/Volumes/DATA/git/boot3/build/classes/java/main started by totohyojuntak in /Volumes/DATA/git/boot3)
2023-03-08 16:47:29 [DEBUG] [StartupInfoLogger.java]logStarting(52) : Running with Spring Boot v3.0.2, Spring v6.0.4
2023-03-08 16:47:29 [INFO ] [SpringApplication.java]logStartupProfileInfo(636) : The following 1 profile is active: "local"
2023-03-08 16:47:32 [INFO ] [StartupInfoLogger.java]logStarted(57) : Started Boot3Application in 3.116 seconds (process running for 3.309)
2023-03-08 16:47:38 [DEBUG] [FileController.java]lambda$temp$0(43) : Java
2023-03-08 16:47:38 [DEBUG] [FileController.java]lambda$temp$0(43) : Scala
2023-03-08 16:47:38 [DEBUG] [FileController.java]lambda$temp$0(43) : Groovy
2023-03-08 16:47:38 [DEBUG] [FileController.java]lambda$temp$0(43) : Python
2023-03-08 16:47:38 [DEBUG] [FileController.java]lambda$temp$0(43) : Go
2023-03-08 16:47:38 [DEBUG] [FileController.java]lambda$temp$0(43) : Swift
2023-03-08 16:47:38 [DEBUG] [FileController.java]lambda$temp$0(43) : Java
2023-03-08 16:49:31 [INFO ] [StartupInfoLogger.java]logStarting(51) : Starting FileControllerTest using Java 17.0.5 with PID 910 (started by totohyojuntak in /Volumes/DATA/git/boot3)
2023-03-08 16:49:31 [DEBUG] [StartupInfoLogger.java]logStarting(52) : Running with Spring Boot v3.0.2, Spring v6.0.4
2023-03-08 16:49:31 [INFO ] [SpringApplication.java]logStartupProfileInfo(636) : The following 1 profile is active: "local"
2023-03-08 16:49:34 [INFO ] [StartupInfoLogger.java]logStarted(57) : Started FileControllerTest in 3.387 seconds (process running for 3.948)
2023-03-08 16:49:36 [INFO ] [StartupInfoLogger.java]logStarting(51) : Starting Boot3Application using Java 17.0.5 with PID 932 (/Volumes/DATA/git/boot3/build/classes/java/main started by totohyojuntak in /Volumes/DATA/git/boot3)
2023-03-08 16:49:36 [DEBUG] [StartupInfoLogger.java]logStarting(52) : Running with Spring Boot v3.0.2, Spring v6.0.4
2023-03-08 16:49:36 [INFO ] [SpringApplication.java]logStartupProfileInfo(636) : The following 1 profile is active: "local"
2023-03-08 16:49:38 [INFO ] [StartupInfoLogger.java]logStarted(57) : Started Boot3Application in 3.065 seconds (process running for 3.292)
2023-03-08 16:49:44 [DEBUG] [FileController.java]lambda$temp$0(43) : Java
2023-03-08 16:49:44 [DEBUG] [FileController.java]lambda$temp$0(43) : Scala
2023-03-08 16:49:44 [DEBUG] [FileController.java]lambda$temp$0(43) : Groovy
2023-03-08 16:49:44 [DEBUG] [FileController.java]lambda$temp$0(43) : Python
2023-03-08 16:49:44 [DEBUG] [FileController.java]lambda$temp$0(43) : Go
2023-03-08 16:49:44 [DEBUG] [FileController.java]lambda$temp$0(43) : Swift
2023-03-08 16:49:44 [DEBUG] [FileController.java]lambda$temp$0(43) : Java
2023-03-08 16:49:44 [DEBUG] [FileController.java]temp(44) : 6
